<?xml version="1.0" encoding="UTF-8"?>
<!-- Generated by org.testng.reporters.JUnitReportReporter -->
<testsuite hostname="LTIN263820" failures="0" tests="4" name="day39.loginTest" time="15.043" errors="0" timestamp="2024-02-18T16:56:32 IST" skipped="0">
  <testcase classname="day39.loginTest" name="setup" time="11.447"/>
  <testcase classname="day39.loginTest" name="testLogo" time="0.329"/>
  <testcase classname="day39.loginTest" name="testLogin" time="1.914"/>
  <testcase classname="day39.loginTest" name="testTear" time="1.353"/>
</testsuite> <!-- day39.loginTest -->
