<?xml version="1.0" encoding="UTF-8"?>
<!-- Generated by org.testng.reporters.JUnitReportReporter -->
<testsuite hostname="LTIN263820" failures="0" tests="1" name="testCases.TC_001_AccountRegistrationTest" time="10.166" errors="0" timestamp="2024-02-22T17:00:33 IST" skipped="0">
  <testcase classname="testCases.TC_001_AccountRegistrationTest" name="verify_account_registration" time="10.166"/>
</testsuite> <!-- testCases.TC_001_AccountRegistrationTest -->
