<?xml version="1.0" encoding="UTF-8"?>
<!-- Generated by org.testng.reporters.JUnitReportReporter -->
<testsuite hostname="LTIN263820" failures="0" tests="1" name="testCases.TC_002_LoginTest" time="3.273" errors="0" timestamp="2024-02-22T17:23:00 IST" skipped="0">
  <testcase classname="testCases.TC_002_LoginTest" name="verify_login" time="3.273"/>
</testsuite> <!-- testCases.TC_002_LoginTest -->
