<?xml version="1.0" encoding="UTF-8"?>
<!-- Generated by org.testng.reporters.JUnitReportReporter -->
<testsuite hostname="LTIN263820" failures="0" tests="1" name="testCases.TC_001_AccountRegistrationTest" time="12.032" errors="0" timestamp="2024-02-23T00:30:44 IST" skipped="0">
  <testcase classname="testCases.TC_001_AccountRegistrationTest" name="verify_account_registration" time="12.032"/>
</testsuite> <!-- testCases.TC_001_AccountRegistrationTest -->
